<?xml version="1.0" encoding="UTF-8"?>
<!-- Generated by org.testng.reporters.JUnitReportReporter -->
<testsuite skipped="0" hostname="LAPTOP-I4PLAQ5N" name="org.testng.Sample" tests="1" failures="0" timestamp="09 Jun 2021 15:55:26 GMT" time="3.547" errors="0">
  <testcase name="TestCase1" time="3.547" classname="org.testng.Sample"/>
</testsuite> <!-- org.testng.Sample -->
